c:\users\komputer\desktop\projektbiblioteka_studia\solution\projektbiblioteka\x64\debug\vc142.pdb
c:\users\komputer\desktop\projektbiblioteka_studia\solution\projektbiblioteka\x64\debug\vc142.idb
c:\users\komputer\desktop\projektbiblioteka_studia\solution\projektbiblioteka\x64\debug\main.obj
c:\users\komputer\desktop\projektbiblioteka_studia\solution\projektbiblioteka\x64\debug\rejestrspoznien.obj
c:\users\komputer\desktop\projektbiblioteka_studia\solution\projektbiblioteka\x64\debug\osoba.obj
c:\users\komputer\desktop\projektbiblioteka_studia\solution\projektbiblioteka\x64\debug\ksiazka.obj
c:\users\komputer\desktop\projektbiblioteka_studia\solution\projektbiblioteka\x64\debug\egzemplarz.obj
c:\users\komputer\desktop\projektbiblioteka_studia\solution\projektbiblioteka\x64\debug\data.obj
c:\users\komputer\desktop\projektbiblioteka_studia\solution\projektbiblioteka\x64\debug\czytelnik.obj
c:\users\komputer\desktop\projektbiblioteka_studia\solution\projektbiblioteka\x64\debug\bibliotekarz.obj
c:\users\komputer\desktop\projektbiblioteka_studia\solution\projektbiblioteka\x64\debug\autor.obj
c:\users\komputer\desktop\projektbiblioteka_studia\solution\projektbiblioteka\x64\debug\adreszamieszkania.obj
c:\users\komputer\desktop\projektbiblioteka_studia\solution\projektbiblioteka\x64\debug\sqlite3.obj
c:\users\komputer\desktop\projektbiblioteka_studia\solution\projektbiblioteka\x64\debug\shell.obj
c:\users\komputer\desktop\projektbiblioteka_studia\solution\projektbiblioteka\x64\debug\statystyki.obj
c:\users\komputer\desktop\projektbiblioteka_studia\solution\projektbiblioteka\x64\debug\ui.obj
c:\users\komputer\desktop\projektbiblioteka_studia\solution\projektbiblioteka\x64\debug\biblioteka.obj
c:\users\komputer\desktop\projektbiblioteka_studia\solution\projektbiblioteka\x64\debug\adres.obj
c:\users\komputer\desktop\projektbiblioteka_studia\solution\projektbiblioteka\x64\debug\elementypomocnicze.obj
c:\users\komputer\desktop\projektbiblioteka_studia\solution\x64\debug\projektbiblioteka.exe
c:\users\komputer\desktop\projektbiblioteka_studia\solution\x64\debug\projektbiblioteka.ilk
c:\users\komputer\desktop\projektbiblioteka_studia\solution\x64\debug\projektbiblioteka.pdb
c:\users\komputer\desktop\projektbiblioteka_studia\solution\projektbiblioteka\x64\debug\projektb.42ecc352.tlog\cl.command.1.tlog
c:\users\komputer\desktop\projektbiblioteka_studia\solution\projektbiblioteka\x64\debug\projektb.42ecc352.tlog\cl.read.1.tlog
c:\users\komputer\desktop\projektbiblioteka_studia\solution\projektbiblioteka\x64\debug\projektb.42ecc352.tlog\cl.write.1.tlog
c:\users\komputer\desktop\projektbiblioteka_studia\solution\projektbiblioteka\x64\debug\projektb.42ecc352.tlog\link.command.1.tlog
c:\users\komputer\desktop\projektbiblioteka_studia\solution\projektbiblioteka\x64\debug\projektb.42ecc352.tlog\link.read.1.tlog
c:\users\komputer\desktop\projektbiblioteka_studia\solution\projektbiblioteka\x64\debug\projektb.42ecc352.tlog\link.write.1.tlog
