c:\users\mimo\desktop\io_projekt\projektbiblioteka_studia\solution\projektbiblioteka\debug\vc142.pdb
c:\users\mimo\desktop\io_projekt\projektbiblioteka_studia\solution\projektbiblioteka\debug\vc142.idb
c:\users\mimo\desktop\io_projekt\projektbiblioteka_studia\solution\projektbiblioteka\debug\main.obj
c:\users\mimo\desktop\io_projekt\projektbiblioteka_studia\solution\projektbiblioteka\debug\ui.obj
c:\users\mimo\desktop\io_projekt\projektbiblioteka_studia\solution\projektbiblioteka\debug\rejestrspoznien.obj
c:\users\mimo\desktop\io_projekt\projektbiblioteka_studia\solution\projektbiblioteka\debug\osoba.obj
c:\users\mimo\desktop\io_projekt\projektbiblioteka_studia\solution\projektbiblioteka\debug\ksiazka.obj
c:\users\mimo\desktop\io_projekt\projektbiblioteka_studia\solution\projektbiblioteka\debug\egzemplarz.obj
c:\users\mimo\desktop\io_projekt\projektbiblioteka_studia\solution\projektbiblioteka\debug\data.obj
c:\users\mimo\desktop\io_projekt\projektbiblioteka_studia\solution\projektbiblioteka\debug\danekontaktowe.obj
c:\users\mimo\desktop\io_projekt\projektbiblioteka_studia\solution\projektbiblioteka\debug\czytelnik.obj
c:\users\mimo\desktop\io_projekt\projektbiblioteka_studia\solution\projektbiblioteka\debug\bibliotekarz.obj
c:\users\mimo\desktop\io_projekt\projektbiblioteka_studia\solution\projektbiblioteka\debug\autor.obj
c:\users\mimo\desktop\io_projekt\projektbiblioteka_studia\solution\projektbiblioteka\debug\adreszamieszkania.obj
c:\users\mimo\desktop\io_projekt\projektbiblioteka_studia\solution\projektbiblioteka\debug\sqlite3.obj
c:\users\mimo\desktop\io_projekt\projektbiblioteka_studia\solution\projektbiblioteka\debug\shell.obj
c:\users\mimo\desktop\io_projekt\projektbiblioteka_studia\solution\debug\projektbiblioteka.exe
c:\users\mimo\desktop\io_projekt\projektbiblioteka_studia\solution\debug\projektbiblioteka.ilk
c:\users\mimo\desktop\io_projekt\projektbiblioteka_studia\solution\debug\projektbiblioteka.pdb
c:\users\mimo\desktop\io_projekt\projektbiblioteka_studia\solution\projektbiblioteka\debug\adreszamieszkania.obj.enc
c:\users\mimo\desktop\io_projekt\projektbiblioteka_studia\solution\projektbiblioteka\debug\main.obj.enc
c:\users\mimo\desktop\io_projekt\projektbiblioteka_studia\solution\projektbiblioteka\debug\projektb.42ecc352.tlog\cl.command.1.tlog
c:\users\mimo\desktop\io_projekt\projektbiblioteka_studia\solution\projektbiblioteka\debug\projektb.42ecc352.tlog\cl.read.1.tlog
c:\users\mimo\desktop\io_projekt\projektbiblioteka_studia\solution\projektbiblioteka\debug\projektb.42ecc352.tlog\cl.write.1.tlog
c:\users\mimo\desktop\io_projekt\projektbiblioteka_studia\solution\projektbiblioteka\debug\projektb.42ecc352.tlog\link.command.1.tlog
c:\users\mimo\desktop\io_projekt\projektbiblioteka_studia\solution\projektbiblioteka\debug\projektb.42ecc352.tlog\link.read.1.tlog
c:\users\mimo\desktop\io_projekt\projektbiblioteka_studia\solution\projektbiblioteka\debug\projektb.42ecc352.tlog\link.write.1.tlog
