  Autor.cpp
C:\Users\mimo\Desktop\IO_Projekt\ProjektBiblioteka_Studia\Solution\cpp\Autor.cpp(13,64): error C2512: "Osoba": niedostępny odpowiedni konstruktor domyślny
C:\Users\mimo\Desktop\IO_Projekt\ProjektBiblioteka_Studia\Solution\headers\Osoba.h(6,7): message : zobacz deklarację „Osoba”
C:\Users\mimo\Desktop\IO_Projekt\ProjektBiblioteka_Studia\Solution\cpp\Autor.cpp(18,82): error C2512: "Osoba": niedostępny odpowiedni konstruktor domyślny
C:\Users\mimo\Desktop\IO_Projekt\ProjektBiblioteka_Studia\Solution\headers\Osoba.h(6,7): message : zobacz deklarację „Osoba”
C:\Users\mimo\Desktop\IO_Projekt\ProjektBiblioteka_Studia\Solution\cpp\Autor.cpp(23,83): error C2512: "Osoba": niedostępny odpowiedni konstruktor domyślny
C:\Users\mimo\Desktop\IO_Projekt\ProjektBiblioteka_Studia\Solution\headers\Osoba.h(6,7): message : zobacz deklarację „Osoba”
  Bibliotekarz.cpp
C:\Users\mimo\Desktop\IO_Projekt\ProjektBiblioteka_Studia\Solution\headers\Czytelnik.h(21,17): error C2079: "Czytelnik::kontakt" używa niezdefiniowanego class "DaneKontaktowe"
C:\Users\mimo\Desktop\IO_Projekt\ProjektBiblioteka_Studia\Solution\cpp\Bibliotekarz.cpp(19,53): error C2512: "Osoba": niedostępny odpowiedni konstruktor domyślny
C:\Users\mimo\Desktop\IO_Projekt\ProjektBiblioteka_Studia\Solution\headers\Osoba.h(6,7): message : zobacz deklarację „Osoba”
C:\Users\mimo\Desktop\IO_Projekt\ProjektBiblioteka_Studia\Solution\cpp\Bibliotekarz.cpp(19,53): error C2512: "DaneKontaktowe": niedostępny odpowiedni konstruktor domyślny
C:\Users\mimo\Desktop\IO_Projekt\ProjektBiblioteka_Studia\Solution\headers\DaneKontaktowe.h(7,7): message : zobacz deklarację „DaneKontaktowe”
  Czytelnik.cpp
C:\Users\mimo\Desktop\IO_Projekt\ProjektBiblioteka_Studia\Solution\cpp\Czytelnik.cpp(61,99): error C2512: "DaneKontaktowe": niedostępny odpowiedni konstruktor domyślny
C:\Users\mimo\Desktop\IO_Projekt\ProjektBiblioteka_Studia\Solution\headers\Czytelnik.h(10,7): message : zobacz deklarację „DaneKontaktowe”
C:\Users\mimo\Desktop\IO_Projekt\ProjektBiblioteka_Studia\Solution\cpp\Czytelnik.cpp(61,99): error C2512: "AdresZamieszkania": niedostępny odpowiedni konstruktor domyślny
C:\Users\mimo\Desktop\IO_Projekt\ProjektBiblioteka_Studia\Solution\headers\AdresZamieszkania.h(5,7): message : zobacz deklarację „AdresZamieszkania”
C:\Users\mimo\Desktop\IO_Projekt\ProjektBiblioteka_Studia\Solution\cpp\Czytelnik.cpp(64,72): error C2512: "DaneKontaktowe": niedostępny odpowiedni konstruktor domyślny
C:\Users\mimo\Desktop\IO_Projekt\ProjektBiblioteka_Studia\Solution\headers\Czytelnik.h(10,7): message : zobacz deklarację „DaneKontaktowe”
C:\Users\mimo\Desktop\IO_Projekt\ProjektBiblioteka_Studia\Solution\cpp\Czytelnik.cpp(64,72): error C2512: "AdresZamieszkania": niedostępny odpowiedni konstruktor domyślny
C:\Users\mimo\Desktop\IO_Projekt\ProjektBiblioteka_Studia\Solution\headers\AdresZamieszkania.h(5,7): message : zobacz deklarację „AdresZamieszkania”
  DaneKontaktowe.cpp
C:\Users\mimo\Desktop\IO_Projekt\ProjektBiblioteka_Studia\Solution\headers\Czytelnik.h(21,17): error C2079: "Czytelnik::kontakt" używa niezdefiniowanego class "DaneKontaktowe"
  Egzemplarz.cpp
  Ksiazka.cpp
  RejestrSpoznien.cpp
  Generowanie kodu...
C:\Users\mimo\Desktop\IO_Projekt\ProjektBiblioteka_Studia\Solution\cpp\Ksiazka.cpp(23): error C4716: "Ksiazka::dodajEgzemplarz": musi zwracać wartość
C:\Users\mimo\Desktop\IO_Projekt\ProjektBiblioteka_Studia\Solution\cpp\Ksiazka.cpp(29): error C4716: "Ksiazka::usunEgzemplarz": musi zwracać wartość
C:\Users\mimo\Desktop\IO_Projekt\ProjektBiblioteka_Studia\Solution\cpp\Egzemplarz.cpp(11): error C4716: "Egzemplarz::setOsobaWyp": musi zwracać wartość
C:\Users\mimo\Desktop\IO_Projekt\ProjektBiblioteka_Studia\Solution\cpp\Egzemplarz.cpp(14): error C4716: "Egzemplarz::getDataWyp": musi zwracać wartość
C:\Users\mimo\Desktop\IO_Projekt\ProjektBiblioteka_Studia\Solution\cpp\Egzemplarz.cpp(8): error C4716: "Egzemplarz::getOsobaWyp": musi zwracać wartość
C:\Users\mimo\Desktop\IO_Projekt\ProjektBiblioteka_Studia\Solution\cpp\Egzemplarz.cpp(20): error C4716: "Egzemplarz::getDataOdd": musi zwracać wartość
C:\Users\mimo\Desktop\IO_Projekt\ProjektBiblioteka_Studia\Solution\cpp\Egzemplarz.cpp(32): error C4716: "Egzemplarz::getPrzedluzony": musi zwracać wartość
C:\Users\mimo\Desktop\IO_Projekt\ProjektBiblioteka_Studia\Solution\cpp\Egzemplarz.cpp(38): error C4716: "Egzemplarz::getPrzetrzymany": musi zwracać wartość
C:\Users\mimo\Desktop\IO_Projekt\ProjektBiblioteka_Studia\Solution\cpp\Egzemplarz.cpp(44): error C4716: "Egzemplarz::getDataZakupu": musi zwracać wartość
C:\Users\mimo\Desktop\IO_Projekt\ProjektBiblioteka_Studia\Solution\cpp\Egzemplarz.cpp(47): error C4716: "Egzemplarz::getIloscStron": musi zwracać wartość
C:\Users\mimo\Desktop\IO_Projekt\ProjektBiblioteka_Studia\Solution\cpp\Egzemplarz.cpp(50): error C4716: "Egzemplarz::getNumerISBN": musi zwracać wartość
C:\Users\mimo\Desktop\IO_Projekt\ProjektBiblioteka_Studia\Solution\cpp\Egzemplarz.cpp(53): error C4716: "Egzemplarz::getWydawnictwo": musi zwracać wartość
C:\Users\mimo\Desktop\IO_Projekt\ProjektBiblioteka_Studia\Solution\cpp\Egzemplarz.cpp(26): error C4716: "Egzemplarz::getId": musi zwracać wartość
